[1m+++++++++++++++++++++++++++++++++++++++++++++++++++++++++++++++++++++++++++++++++++++++++++++++++++++++++[00m
[1m                                             GWASTOOLKIT SUMMARISER[00m
[1m                                          SUMMARISES ANALYSIS RESULTS[00m
[1m[00m
[1m Version    : v1.3.3[00m
[1m[00m
[1m Last update: 2017-08-24[00m
[1m Written by:  Sander W. van der Laan (s.w.vanderlaan-2@umcutrecht.nl).[00m
[1m[00m
[1m Testers:     - Saskia Haitjema (s.haitjema@umcutrecht.nl)[00m
[1m              - Aisha Gohar (a.gohar@umcutrecht.nl)[00m
[1m              - Jessica van Setten (j.vansetten@umcutrecht.nl)[00m
[1m              - Jacco Schaap (j.schaap-2@umcutrecht.nl)[00m
[1m              - Tim Bezemer (t.bezemer-2@umcutrecht.nl)[00m
[1m[00m
[1m Description: Summarises analysis results and zips up into one directory.[00m
[1m[00m
[1m+++++++++++++++++++++++++++++++++++++++++++++++++++++++++++++++++++++++++++++++++++++++++++++++++++++++++[00m
All arguments are passed. These are the settings:
The following analysis type will be run.....................: VARIANT
The following dataset will be used..........................: AEGS
The reference used..........................................: 1kGp3v5GoNL5
The output directory is.....................................: /hpc/dhl_ec/svanderlaan/projects/lookups/AE_20200512_COL_MKAVOUSI_MBOS_CHARGE_1000G_CAC/SNP/CAC_overallplaque_PVI_credset/snptest_results
The project directory is....................................: /hpc/dhl_ec/svanderlaan/projects/lookups/AE_20200512_COL_MKAVOUSI_MBOS_CHARGE_1000G_CAC/SNP
The analysis will be run using the following phenotypes.....: 
     * Plaque_Vulnerability_Index
+++++++++++++++++++++++++++++++++++++++++++++++++++++++++++++++++++++++++++++++++++++++++++++++++++++++++
                                          STARTING SUMMARISATION

Please be patient...this can take a long time depending on the number of files.
We started at: Fri Oct 1 12:48:21 CEST 2021

Summary directory doesn't exist: making it.
mkdir: created directory ‘/hpc/dhl_ec/svanderlaan/projects/lookups/AE_20200512_COL_MKAVOUSI_MBOS_CHARGE_1000G_CAC/SNP/CAC_overallplaque_PVI_credset/summary.VARIANT’

Summarising data...
* Copying results for [ Plaque_Vulnerability_Index ]...
‘/hpc/dhl_ec/svanderlaan/projects/lookups/AE_20200512_COL_MKAVOUSI_MBOS_CHARGE_1000G_CAC/SNP/CAC_overallplaque_PVI_credset/snptest_results/Plaque_Vulnerability_Index/AEGS.VARIANT.1kGp3v5GoNL5.Plaque_Vulnerability_Index.EXCL_DEFAULT.summary_results.txt.gz’ -> ‘/hpc/dhl_ec/svanderlaan/projects/lookups/AE_20200512_COL_MKAVOUSI_MBOS_CHARGE_1000G_CAC/SNP/CAC_overallplaque_PVI_credset/summary.VARIANT/AEGS.VARIANT.1kGp3v5GoNL5.Plaque_Vulnerability_Index.EXCL_DEFAULT.summary_results.txt.gz’

* Concatenating results for [ Plaque_Vulnerability_Index ]...
 * Gzipping the summarised data...

All summarised.

+++++++++++++++++++++++++++++++++++++++++++++++++++++++++++++++++++++++++++++++++++++++++++++++++++++++++
