[1m+++++++++++++++++++++++++++++++++++++++++++++++++++++++++++++++++++++++++++++++++++++++++++++++++++++++++[00m
[1m                                             GWASTOOLKIT SUMMARISER[00m
[1m                                          SUMMARISES ANALYSIS RESULTS[00m
[1m[00m
[1m Version    : v1.3.3[00m
[1m[00m
[1m Last update: 2017-08-24[00m
[1m Written by:  Sander W. van der Laan (s.w.vanderlaan-2@umcutrecht.nl).[00m
[1m[00m
[1m Testers:     - Saskia Haitjema (s.haitjema@umcutrecht.nl)[00m
[1m              - Aisha Gohar (a.gohar@umcutrecht.nl)[00m
[1m              - Jessica van Setten (j.vansetten@umcutrecht.nl)[00m
[1m              - Jacco Schaap (j.schaap-2@umcutrecht.nl)[00m
[1m              - Tim Bezemer (t.bezemer-2@umcutrecht.nl)[00m
[1m[00m
[1m Description: Summarises analysis results and zips up into one directory.[00m
[1m[00m
[1m+++++++++++++++++++++++++++++++++++++++++++++++++++++++++++++++++++++++++++++++++++++++++++++++++++++++++[00m
All arguments are passed. These are the settings:
The following analysis type will be run.....................: VARIANT
The following dataset will be used..........................: AEGS
The reference used..........................................: 1kGp3v5GoNL5
The output directory is.....................................: /hpc/dhl_ec/svanderlaan/projects/lookups/AE_20200512_COL_MKAVOUSI_MBOS_CHARGE_1000G_CAC/SNP/CAC_overallplaque/snptest_results
The project directory is....................................: /hpc/dhl_ec/svanderlaan/projects/lookups/AE_20200512_COL_MKAVOUSI_MBOS_CHARGE_1000G_CAC/SNP
The analysis will be run using the following phenotypes.....: 
     * Calcification
     * Collagen
     * Fat10
     * Fat40
     * IPH
     * SMC_rankNorm
     * MAC_rankNorm
     * Neutrophils_rankNorm
     * MastCells_rankNorm
     * VesselDensity_rankNorm
     * Plaque_Vulnerability_Index
+++++++++++++++++++++++++++++++++++++++++++++++++++++++++++++++++++++++++++++++++++++++++++++++++++++++++
                                          STARTING SUMMARISATION

Please be patient...this can take a long time depending on the number of files.
We started at: Fri Nov 12 13:39:16 CET 2021

Summary directory doesn't exist: making it.
mkdir: created directory ‘/hpc/dhl_ec/svanderlaan/projects/lookups/AE_20200512_COL_MKAVOUSI_MBOS_CHARGE_1000G_CAC/SNP/CAC_overallplaque/summary.VARIANT’

Summarising data...
* Copying results for [ Calcification ]...
‘/hpc/dhl_ec/svanderlaan/projects/lookups/AE_20200512_COL_MKAVOUSI_MBOS_CHARGE_1000G_CAC/SNP/CAC_overallplaque/snptest_results/Calcification/AEGS.VARIANT.1kGp3v5GoNL5.Calcification.EXCL_DEFAULT.summary_results.txt.gz’ -> ‘/hpc/dhl_ec/svanderlaan/projects/lookups/AE_20200512_COL_MKAVOUSI_MBOS_CHARGE_1000G_CAC/SNP/CAC_overallplaque/summary.VARIANT/AEGS.VARIANT.1kGp3v5GoNL5.Calcification.EXCL_DEFAULT.summary_results.txt.gz’

* Concatenating results for [ Calcification ]...
* Copying results for [ Collagen ]...
‘/hpc/dhl_ec/svanderlaan/projects/lookups/AE_20200512_COL_MKAVOUSI_MBOS_CHARGE_1000G_CAC/SNP/CAC_overallplaque/snptest_results/Collagen/AEGS.VARIANT.1kGp3v5GoNL5.Collagen.EXCL_DEFAULT.summary_results.txt.gz’ -> ‘/hpc/dhl_ec/svanderlaan/projects/lookups/AE_20200512_COL_MKAVOUSI_MBOS_CHARGE_1000G_CAC/SNP/CAC_overallplaque/summary.VARIANT/AEGS.VARIANT.1kGp3v5GoNL5.Collagen.EXCL_DEFAULT.summary_results.txt.gz’

* Concatenating results for [ Collagen ]...
* Copying results for [ Fat10 ]...
‘/hpc/dhl_ec/svanderlaan/projects/lookups/AE_20200512_COL_MKAVOUSI_MBOS_CHARGE_1000G_CAC/SNP/CAC_overallplaque/snptest_results/Fat10/AEGS.VARIANT.1kGp3v5GoNL5.Fat10.EXCL_DEFAULT.summary_results.txt.gz’ -> ‘/hpc/dhl_ec/svanderlaan/projects/lookups/AE_20200512_COL_MKAVOUSI_MBOS_CHARGE_1000G_CAC/SNP/CAC_overallplaque/summary.VARIANT/AEGS.VARIANT.1kGp3v5GoNL5.Fat10.EXCL_DEFAULT.summary_results.txt.gz’

* Concatenating results for [ Fat10 ]...
* Copying results for [ Fat40 ]...
‘/hpc/dhl_ec/svanderlaan/projects/lookups/AE_20200512_COL_MKAVOUSI_MBOS_CHARGE_1000G_CAC/SNP/CAC_overallplaque/snptest_results/Fat40/AEGS.VARIANT.1kGp3v5GoNL5.Fat40.EXCL_DEFAULT.summary_results.txt.gz’ -> ‘/hpc/dhl_ec/svanderlaan/projects/lookups/AE_20200512_COL_MKAVOUSI_MBOS_CHARGE_1000G_CAC/SNP/CAC_overallplaque/summary.VARIANT/AEGS.VARIANT.1kGp3v5GoNL5.Fat40.EXCL_DEFAULT.summary_results.txt.gz’

* Concatenating results for [ Fat40 ]...
* Copying results for [ IPH ]...
‘/hpc/dhl_ec/svanderlaan/projects/lookups/AE_20200512_COL_MKAVOUSI_MBOS_CHARGE_1000G_CAC/SNP/CAC_overallplaque/snptest_results/IPH/AEGS.VARIANT.1kGp3v5GoNL5.IPH.EXCL_DEFAULT.summary_results.txt.gz’ -> ‘/hpc/dhl_ec/svanderlaan/projects/lookups/AE_20200512_COL_MKAVOUSI_MBOS_CHARGE_1000G_CAC/SNP/CAC_overallplaque/summary.VARIANT/AEGS.VARIANT.1kGp3v5GoNL5.IPH.EXCL_DEFAULT.summary_results.txt.gz’

* Concatenating results for [ IPH ]...
* Copying results for [ SMC_rankNorm ]...
‘/hpc/dhl_ec/svanderlaan/projects/lookups/AE_20200512_COL_MKAVOUSI_MBOS_CHARGE_1000G_CAC/SNP/CAC_overallplaque/snptest_results/SMC_rankNorm/AEGS.VARIANT.1kGp3v5GoNL5.SMC_rankNorm.EXCL_DEFAULT.summary_results.txt.gz’ -> ‘/hpc/dhl_ec/svanderlaan/projects/lookups/AE_20200512_COL_MKAVOUSI_MBOS_CHARGE_1000G_CAC/SNP/CAC_overallplaque/summary.VARIANT/AEGS.VARIANT.1kGp3v5GoNL5.SMC_rankNorm.EXCL_DEFAULT.summary_results.txt.gz’

* Concatenating results for [ SMC_rankNorm ]...
* Copying results for [ MAC_rankNorm ]...
‘/hpc/dhl_ec/svanderlaan/projects/lookups/AE_20200512_COL_MKAVOUSI_MBOS_CHARGE_1000G_CAC/SNP/CAC_overallplaque/snptest_results/MAC_rankNorm/AEGS.VARIANT.1kGp3v5GoNL5.MAC_rankNorm.EXCL_DEFAULT.summary_results.txt.gz’ -> ‘/hpc/dhl_ec/svanderlaan/projects/lookups/AE_20200512_COL_MKAVOUSI_MBOS_CHARGE_1000G_CAC/SNP/CAC_overallplaque/summary.VARIANT/AEGS.VARIANT.1kGp3v5GoNL5.MAC_rankNorm.EXCL_DEFAULT.summary_results.txt.gz’

* Concatenating results for [ MAC_rankNorm ]...
* Copying results for [ Neutrophils_rankNorm ]...
‘/hpc/dhl_ec/svanderlaan/projects/lookups/AE_20200512_COL_MKAVOUSI_MBOS_CHARGE_1000G_CAC/SNP/CAC_overallplaque/snptest_results/Neutrophils_rankNorm/AEGS.VARIANT.1kGp3v5GoNL5.Neutrophils_rankNorm.EXCL_DEFAULT.summary_results.txt.gz’ -> ‘/hpc/dhl_ec/svanderlaan/projects/lookups/AE_20200512_COL_MKAVOUSI_MBOS_CHARGE_1000G_CAC/SNP/CAC_overallplaque/summary.VARIANT/AEGS.VARIANT.1kGp3v5GoNL5.Neutrophils_rankNorm.EXCL_DEFAULT.summary_results.txt.gz’

* Concatenating results for [ Neutrophils_rankNorm ]...
* Copying results for [ MastCells_rankNorm ]...
‘/hpc/dhl_ec/svanderlaan/projects/lookups/AE_20200512_COL_MKAVOUSI_MBOS_CHARGE_1000G_CAC/SNP/CAC_overallplaque/snptest_results/MastCells_rankNorm/AEGS.VARIANT.1kGp3v5GoNL5.MastCells_rankNorm.EXCL_DEFAULT.summary_results.txt.gz’ -> ‘/hpc/dhl_ec/svanderlaan/projects/lookups/AE_20200512_COL_MKAVOUSI_MBOS_CHARGE_1000G_CAC/SNP/CAC_overallplaque/summary.VARIANT/AEGS.VARIANT.1kGp3v5GoNL5.MastCells_rankNorm.EXCL_DEFAULT.summary_results.txt.gz’

* Concatenating results for [ MastCells_rankNorm ]...
* Copying results for [ VesselDensity_rankNorm ]...
‘/hpc/dhl_ec/svanderlaan/projects/lookups/AE_20200512_COL_MKAVOUSI_MBOS_CHARGE_1000G_CAC/SNP/CAC_overallplaque/snptest_results/VesselDensity_rankNorm/AEGS.VARIANT.1kGp3v5GoNL5.VesselDensity_rankNorm.EXCL_DEFAULT.summary_results.txt.gz’ -> ‘/hpc/dhl_ec/svanderlaan/projects/lookups/AE_20200512_COL_MKAVOUSI_MBOS_CHARGE_1000G_CAC/SNP/CAC_overallplaque/summary.VARIANT/AEGS.VARIANT.1kGp3v5GoNL5.VesselDensity_rankNorm.EXCL_DEFAULT.summary_results.txt.gz’

* Concatenating results for [ VesselDensity_rankNorm ]...
* Copying results for [ Plaque_Vulnerability_Index ]...
‘/hpc/dhl_ec/svanderlaan/projects/lookups/AE_20200512_COL_MKAVOUSI_MBOS_CHARGE_1000G_CAC/SNP/CAC_overallplaque/snptest_results/Plaque_Vulnerability_Index/AEGS.VARIANT.1kGp3v5GoNL5.Plaque_Vulnerability_Index.EXCL_DEFAULT.summary_results.txt.gz’ -> ‘/hpc/dhl_ec/svanderlaan/projects/lookups/AE_20200512_COL_MKAVOUSI_MBOS_CHARGE_1000G_CAC/SNP/CAC_overallplaque/summary.VARIANT/AEGS.VARIANT.1kGp3v5GoNL5.Plaque_Vulnerability_Index.EXCL_DEFAULT.summary_results.txt.gz’

* Concatenating results for [ Plaque_Vulnerability_Index ]...
 * Gzipping the summarised data...

All summarised.

+++++++++++++++++++++++++++++++++++++++++++++++++++++++++++++++++++++++++++++++++++++++++++++++++++++++++
